Using pre-set license
Built from '2021.3/staging' branch; Version is '2021.3.13f1 (9e7d58001ecf) revision 10386776'; Using compiler version '192829333'; Build Type 'Release'
OS: 'Windows 10  (10.0.19045) 64bit Professional' Language: 'sl' Physical Memory: 7097 MB
BatchMode: 1, IsHumanControllingUs: 0, StartBugReporterOnCrash: 0, Is64bit: 1, IsPro: 1

COMMAND LINE ARGUMENTS:
C:\Program Files\Unity\Hub\Editor\2021.3.13f1\Editor\Unity.exe
-adb2
-batchMode
-noUpm
-name
AssetImportWorker0
-projectPath
D:/Users/Dijak/Desktop/UIPO/Pacman
-logFile
Logs/AssetImportWorker0.log
-srvPort
61198
Successfully changed project path to: D:/Users/Dijak/Desktop/UIPO/Pacman
D:/Users/Dijak/Desktop/UIPO/Pacman
[UnityMemory] Configuration Parameters - Can be set up in boot.config
    "memorysetup-bucket-allocator-granularity=16"
    "memorysetup-bucket-allocator-bucket-count=8"
    "memorysetup-bucket-allocator-block-size=33554432"
    "memorysetup-bucket-allocator-block-count=8"
    "memorysetup-main-allocator-block-size=16777216"
    "memorysetup-thread-allocator-block-size=16777216"
    "memorysetup-gfx-main-allocator-block-size=16777216"
    "memorysetup-gfx-thread-allocator-block-size=16777216"
    "memorysetup-cache-allocator-block-size=4194304"
    "memorysetup-typetree-allocator-block-size=2097152"
    "memorysetup-profiler-bucket-allocator-granularity=16"
    "memorysetup-profiler-bucket-allocator-bucket-count=8"
    "memorysetup-profiler-bucket-allocator-block-size=33554432"
    "memorysetup-profiler-bucket-allocator-block-count=8"
    "memorysetup-profiler-allocator-block-size=16777216"
    "memorysetup-profiler-editor-allocator-block-size=1048576"
    "memorysetup-temp-allocator-size-main=16777216"
    "memorysetup-job-temp-allocator-block-size=2097152"
    "memorysetup-job-temp-allocator-block-size-background=1048576"
    "memorysetup-job-temp-allocator-reduction-small-platforms=262144"
    "memorysetup-temp-allocator-size-background-worker=32768"
    "memorysetup-temp-allocator-size-job-worker=262144"
    "memorysetup-temp-allocator-size-preload-manager=33554432"
    "memorysetup-temp-allocator-size-nav-mesh-worker=65536"
    "memorysetup-temp-allocator-size-audio-worker=65536"
    "memorysetup-temp-allocator-size-cloud-worker=32768"
    "memorysetup-temp-allocator-size-gi-baking-worker=262144"
    "memorysetup-temp-allocator-size-gfx=262144"
Refreshing native plugins compatible for Editor in 101.43 ms, found 4 plugins.
Preloading 0 native plugins for Editor in 0.00 ms.
Initialize engine version: 2021.3.13f1 (9e7d58001ecf)
[Subsystems] Discovering subsystems at path C:/Program Files/Unity/Hub/Editor/2021.3.13f1/Editor/Data/Resources/UnitySubsystems
[Subsystems] Discovering subsystems at path D:/Users/Dijak/Desktop/UIPO/Pacman/Assets
GfxDevice: creating device client; threaded=0; jobified=0
Direct3D:
    Version:  Direct3D 11.0 [level 11.1]
    Renderer: AMD Radeon(TM) RX Vega 11 Graphics (ID=0x15dd)
    Vendor:   ATI
    VRAM:     3548 MB
    Driver:   30.0.13014.8
Initialize mono
Mono path[0] = 'C:/Program Files/Unity/Hub/Editor/2021.3.13f1/Editor/Data/Managed'
Mono path[1] = 'C:/Program Files/Unity/Hub/Editor/2021.3.13f1/Editor/Data/MonoBleedingEdge/lib/mono/unityjit-win32'
Mono config path = 'C:/Program Files/Unity/Hub/Editor/2021.3.13f1/Editor/Data/MonoBleedingEdge/etc'
Using monoOptions --debugger-agent=transport=dt_socket,embedding=1,server=y,suspend=n,address=127.0.0.1:56148
Begin MonoManager ReloadAssembly
Registering precompiled unity dll's ...
Register platform support module: C:/Program Files/Unity/Hub/Editor/2021.3.13f1/Editor/Data/PlaybackEngines/WebGLSupport/UnityEditor.WebGL.Extensions.dll
Register platform support module: C:/Program Files/Unity/Hub/Editor/2021.3.13f1/Editor/Data/PlaybackEngines/WindowsStandaloneSupport/UnityEditor.WindowsStandalone.Extensions.dll
Registered in 0.012004 seconds.
Native extension for WindowsStandalone target not found
Native extension for WebGL target not found
Refreshing native plugins compatible for Editor in 106.16 ms, found 4 plugins.
Preloading 0 native plugins for Editor in 0.00 ms.
Mono: successfully reloaded assembly
- Completed reload, in  0.960 seconds
Domain Reload Profiling:
	ReloadAssembly (960ms)
		BeginReloadAssembly (124ms)
			ExecutionOrderSort (0ms)
			DisableScriptedObjects (0ms)
			BackupInstance (0ms)
			ReleaseScriptingObjects (0ms)
			CreateAndSetChildDomain (1ms)
		EndReloadAssembly (647ms)
			LoadAssemblies (121ms)
			RebuildTransferFunctionScriptingTraits (0ms)
			SetupTypeCache (149ms)
			ReleaseScriptCaches (0ms)
			RebuildScriptCaches (54ms)
			SetupLoadedEditorAssemblies (373ms)
				LogAssemblyErrors (0ms)
				InitializePlatformSupportModulesInManaged (17ms)
				SetLoadedEditorAssemblies (0ms)
				RefreshPlugins (106ms)
				BeforeProcessingInitializeOnLoad (1ms)
				ProcessInitializeOnLoadAttributes (187ms)
				ProcessInitializeOnLoadMethodAttributes (60ms)
				AfterProcessingInitializeOnLoad (0ms)
				EditorAssembliesLoaded (0ms)
			ExecutionOrderSort2 (0ms)
			AwakeInstancesAfterBackupRestoration (0ms)
Platform modules already initialized, skipping
Registering precompiled user dll's ...
Registered in 0.006920 seconds.
Begin MonoManager ReloadAssembly
Symbol file LoadedFromMemory doesn't match image D:\Users\Dijak\Desktop\UIPO\Pacman\Library\PackageCache\com.unity.visualscripting@1.7.8\Editor\VisualScripting.Core\Dependencies\YamlDotNet\Unity.VisualScripting.YamlDotNet.dll
Symbol file LoadedFromMemory doesn't match image D:\Users\Dijak\Desktop\UIPO\Pacman\Library\PackageCache\com.unity.visualscripting@1.7.8\Editor\VisualScripting.Core\Dependencies\DotNetZip\Unity.VisualScripting.IonicZip.dll
Native extension for WindowsStandalone target not found
Native extension for WebGL target not found
Refreshing native plugins compatible for Editor in 106.74 ms, found 4 plugins.
Preloading 0 native plugins for Editor in 0.00 ms.
Mono: successfully reloaded assembly
- Completed reload, in  1.823 seconds
Domain Reload Profiling:
	ReloadAssembly (1824ms)
		BeginReloadAssembly (157ms)
			ExecutionOrderSort (0ms)
			DisableScriptedObjects (9ms)
			BackupInstance (0ms)
			ReleaseScriptingObjects (0ms)
			CreateAndSetChildDomain (26ms)
		EndReloadAssembly (1475ms)
			LoadAssemblies (126ms)
			RebuildTransferFunctionScriptingTraits (0ms)
			SetupTypeCache (354ms)
			ReleaseScriptCaches (1ms)
			RebuildScriptCaches (78ms)
			SetupLoadedEditorAssemblies (856ms)
				LogAssemblyErrors (0ms)
				InitializePlatformSupportModulesInManaged (10ms)
				SetLoadedEditorAssemblies (0ms)
				RefreshPlugins (107ms)
				BeforeProcessingInitializeOnLoad (180ms)
				ProcessInitializeOnLoadAttributes (470ms)
				ProcessInitializeOnLoadMethodAttributes (76ms)
				AfterProcessingInitializeOnLoad (13ms)
				EditorAssembliesLoaded (0ms)
			ExecutionOrderSort2 (0ms)
			AwakeInstancesAfterBackupRestoration (9ms)
Platform modules already initialized, skipping
========================================================================
Worker process is ready to serve import requests
Launched and connected shader compiler UnityShaderCompiler.exe after 0.07 seconds
Refreshing native plugins compatible for Editor in 1.02 ms, found 4 plugins.
Preloading 0 native plugins for Editor in 0.00 ms.
Unloading 4041 Unused Serialized files (Serialized files now loaded: 0)
Unloading 44 unused Assets / (229.3 KB). Loaded Objects now: 4491.
Memory consumption went from 150.6 MB to 150.4 MB.
Total: 4.448900 ms (FindLiveObjects: 0.593200 ms CreateObjectMapping: 0.152000 ms MarkObjects: 3.505600 ms  DeleteObjects: 0.195700 ms)

AssetImportParameters requested are different than current active one (requested -> active):
  custom:video-decoder-ogg-theora: a1e56fd34408186e4bbccfd4996cb3dc -> 
  custom:container-muxer-webm: aa71ff27fc2769a1b78a27578f13a17b -> 
  custom:container-demuxer-webm: 4f35f7cbe854078d1ac9338744f61a02 -> 
  custom:video-encoder-webm-vp8: eb34c28f22e8b96e1ab97ce403110664 -> 
  custom:audio-encoder-webm-vorbis: bf7c407c2cedff20999df2af8eb42d56 -> 
  custom:framework-win-MediaFoundation: 216162199b28c13a410421893ffa2e32 -> 
  custom:container-demuxer-ogg: 62fdf1f143b41e24485cea50d1cbac27 -> 
  custom:video-decoder-webm-vp8: 9c59270c3fd7afecdb556c50c9e8de78 -> 
  custom:audio-decoder-ogg-vorbis: bf7c407c2cedff20999df2af8eb42d56 -> 
========================================================================
Received Import Request.
  Time since last request: 2621.937287 seconds.
  path: Assets/New Folder
  artifactKey: Guid(f90a4343bb1e4984dbc3bf0fe31a58e5) Importer(815301076,1909f56bfc062723c751e8b465ee728b)
Start importing Assets/New Folder using Guid(f90a4343bb1e4984dbc3bf0fe31a58e5) Importer(815301076,1909f56bfc062723c751e8b465ee728b)  -> (artifact id: 'a480f36f505acdc60e81817118013164') in 0.027655 seconds 
========================================================================
Received Import Request.
  Time since last request: 15.054756 seconds.
  path: Assets/Ploščice
  artifactKey: Guid(f90a4343bb1e4984dbc3bf0fe31a58e5) Importer(815301076,1909f56bfc062723c751e8b465ee728b)
Start importing Assets/Ploščice using Guid(f90a4343bb1e4984dbc3bf0fe31a58e5) Importer(815301076,1909f56bfc062723c751e8b465ee728b)  -> (artifact id: '2c541dbcc0e5c95e7c65970f1c3f5921') in 0.008695 seconds 
========================================================================
Received Import Request.
  Time since last request: 523.115235 seconds.
  path: Assets/Ploščice/Node.asset
  artifactKey: Guid(afc5d2ba42afed64f82cf59a1d497708) Importer(815301076,1909f56bfc062723c751e8b465ee728b)
Start importing Assets/Ploščice/Node.asset using Guid(afc5d2ba42afed64f82cf59a1d497708) Importer(815301076,1909f56bfc062723c751e8b465ee728b)  -> (artifact id: 'f1dd896d6f5ad1a7e4c9376501bb2136') in 0.132936 seconds 
========================================================================
Received Import Request.
  Time since last request: 0.000073 seconds.
  path: Assets/Ploščice/Wall_06.asset
  artifactKey: Guid(68bf0b6b13d82144faaf8c89b85af239) Importer(815301076,1909f56bfc062723c751e8b465ee728b)
Start importing Assets/Ploščice/Wall_06.asset using Guid(68bf0b6b13d82144faaf8c89b85af239) Importer(815301076,1909f56bfc062723c751e8b465ee728b)  -> (artifact id: '5eb8016d79ea008a67cc26d3fc1f8459') in 0.020286 seconds 
========================================================================
Received Import Request.
  Time since last request: 0.000064 seconds.
  path: Assets/Ploščice/Wall_19.asset
  artifactKey: Guid(c8d6d5f8965204849bb03366c776f5f7) Importer(815301076,1909f56bfc062723c751e8b465ee728b)
Start importing Assets/Ploščice/Wall_19.asset using Guid(c8d6d5f8965204849bb03366c776f5f7) Importer(815301076,1909f56bfc062723c751e8b465ee728b)  -> (artifact id: '134b7e30fc62a7515b15e25290671428') in 0.018426 seconds 
========================================================================
Received Import Request.
  Time since last request: 0.000056 seconds.
  path: Assets/Ploščice/Wall_02.asset
  artifactKey: Guid(ddaee63e044ec15439029635236927ca) Importer(815301076,1909f56bfc062723c751e8b465ee728b)
Start importing Assets/Ploščice/Wall_02.asset using Guid(ddaee63e044ec15439029635236927ca) Importer(815301076,1909f56bfc062723c751e8b465ee728b)  -> (artifact id: 'b19970e31cc122e16827b25cb50a8541') in 0.018242 seconds 
========================================================================
Received Import Request.
  Time since last request: 0.000049 seconds.
  path: Assets/Ploščice/Wall_13.asset
  artifactKey: Guid(f557d38ebcdbd684280162b1a67d53b3) Importer(815301076,1909f56bfc062723c751e8b465ee728b)
Start importing Assets/Ploščice/Wall_13.asset using Guid(f557d38ebcdbd684280162b1a67d53b3) Importer(815301076,1909f56bfc062723c751e8b465ee728b)  -> (artifact id: '6fb7c2fc532fd2d24b8e3aeeebe39409') in 0.019199 seconds 
========================================================================
Received Import Request.
  Time since last request: 0.000050 seconds.
  path: Assets/Ploščice/Wall_20.asset
  artifactKey: Guid(74a3fef8968892c418f9f90c24caba5c) Importer(815301076,1909f56bfc062723c751e8b465ee728b)
Start importing Assets/Ploščice/Wall_20.asset using Guid(74a3fef8968892c418f9f90c24caba5c) Importer(815301076,1909f56bfc062723c751e8b465ee728b)  -> (artifact id: 'daa5df6a8fda0a9ff675533b97ae4e87') in 0.021495 seconds 
========================================================================
Received Import Request.
  Time since last request: 0.000051 seconds.
  path: Assets/Ploščice/TilePalette.prefab
  artifactKey: Guid(1d9597820118bb745a9094ace02e3517) Importer(815301076,1909f56bfc062723c751e8b465ee728b)
Start importing Assets/Ploščice/TilePalette.prefab using Guid(1d9597820118bb745a9094ace02e3517) Importer(815301076,1909f56bfc062723c751e8b465ee728b)  -> (artifact id: '6f312314de368e1f5576d73a962b378b') in 0.256082 seconds 
========================================================================
Received Import Request.
  Time since last request: 0.000047 seconds.
  path: Assets/Ploščice/Wall_05.asset
  artifactKey: Guid(3d0cbeb5b1243fd41a8ae138914aad4d) Importer(815301076,1909f56bfc062723c751e8b465ee728b)
Start importing Assets/Ploščice/Wall_05.asset using Guid(3d0cbeb5b1243fd41a8ae138914aad4d) Importer(815301076,1909f56bfc062723c751e8b465ee728b)  -> (artifact id: '2256d29b3f2b5201d3f84ac6bb37ae8a') in 0.016113 seconds 
========================================================================
Received Import Request.
  Time since last request: 0.000052 seconds.
  path: Assets/Ploščice/Wall_18.asset
  artifactKey: Guid(1b19fe2bf92899144beedf0934b3809f) Importer(815301076,1909f56bfc062723c751e8b465ee728b)
Start importing Assets/Ploščice/Wall_18.asset using Guid(1b19fe2bf92899144beedf0934b3809f) Importer(815301076,1909f56bfc062723c751e8b465ee728b)  -> (artifact id: 'fb5625190fbe019732aa700a35120153') in 0.017768 seconds 
========================================================================
Received Import Request.
  Time since last request: 2.362992 seconds.
  path: Assets/Ploščice/Wall_21.asset
  artifactKey: Guid(0ff1fe569eab77a46aad08c56b475bf3) Importer(815301076,1909f56bfc062723c751e8b465ee728b)
Start importing Assets/Ploščice/Wall_21.asset using Guid(0ff1fe569eab77a46aad08c56b475bf3) Importer(815301076,1909f56bfc062723c751e8b465ee728b)  -> (artifact id: '211217e92152271556ddfb4661c540d1') in 0.017531 seconds 
========================================================================
Received Import Request.
  Time since last request: 0.000030 seconds.
  path: Assets/Ploščice/Wall_26.asset
  artifactKey: Guid(cdb931518f85f0c4ea423f107bdf7add) Importer(815301076,1909f56bfc062723c751e8b465ee728b)
Start importing Assets/Ploščice/Wall_26.asset using Guid(cdb931518f85f0c4ea423f107bdf7add) Importer(815301076,1909f56bfc062723c751e8b465ee728b)  -> (artifact id: 'd0b6ded6dc85e2b073fcadc74f7a0c4d') in 0.014279 seconds 
========================================================================
Received Import Request.
  Time since last request: 0.000039 seconds.
  path: Assets/Ploščice/Wall_25.asset
  artifactKey: Guid(78ffacae0aed5bf46a70060561b2ed94) Importer(815301076,1909f56bfc062723c751e8b465ee728b)
Start importing Assets/Ploščice/Wall_25.asset using Guid(78ffacae0aed5bf46a70060561b2ed94) Importer(815301076,1909f56bfc062723c751e8b465ee728b)  -> (artifact id: 'fe0a755e3f8f464b82e5f52f7e09ec07') in 0.017827 seconds 
========================================================================
Received Import Request.
  Time since last request: 0.000035 seconds.
  path: Assets/Ploščice/Wall_27.asset
  artifactKey: Guid(59721b7aa2769234498eabff51191343) Importer(815301076,1909f56bfc062723c751e8b465ee728b)
Start importing Assets/Ploščice/Wall_27.asset using Guid(59721b7aa2769234498eabff51191343) Importer(815301076,1909f56bfc062723c751e8b465ee728b)  -> (artifact id: '5ce305e637a5bff87ea7fe80a1c1739a') in 0.016419 seconds 
========================================================================
Received Import Request.
  Time since last request: 0.600141 seconds.
  path: Assets/Ploščice/Wall_29.asset
  artifactKey: Guid(40605d42beb234e4db8c0169c881a825) Importer(815301076,1909f56bfc062723c751e8b465ee728b)
Start importing Assets/Ploščice/Wall_29.asset using Guid(40605d42beb234e4db8c0169c881a825) Importer(815301076,1909f56bfc062723c751e8b465ee728b)  -> (artifact id: '9de61eaefb724c835fcf8c1220cecf36') in 0.015226 seconds 
========================================================================
Received Import Request.
  Time since last request: 0.000054 seconds.
  path: Assets/Ploščice/Wall_35.asset
  artifactKey: Guid(593c3db5f03e78842ba52bc3d9015ef8) Importer(815301076,1909f56bfc062723c751e8b465ee728b)
Start importing Assets/Ploščice/Wall_35.asset using Guid(593c3db5f03e78842ba52bc3d9015ef8) Importer(815301076,1909f56bfc062723c751e8b465ee728b)  -> (artifact id: 'eae59ee4d63c56a8a9b295d74752b617') in 0.021458 seconds 
========================================================================
Received Import Request.
  Time since last request: 0.000053 seconds.
  path: Assets/Ploščice/Wall_32.asset
  artifactKey: Guid(32b9dcb2dadd3cd4d97a993fb50883fd) Importer(815301076,1909f56bfc062723c751e8b465ee728b)
Start importing Assets/Ploščice/Wall_32.asset using Guid(32b9dcb2dadd3cd4d97a993fb50883fd) Importer(815301076,1909f56bfc062723c751e8b465ee728b)  -> (artifact id: '5da23025852803fd2b33f45dc5acbb6e') in 0.019044 seconds 
========================================================================
Received Import Request.
  Time since last request: 0.000077 seconds.
  path: Assets/Ploščice/Wall_33.asset
  artifactKey: Guid(be7dc7c4c573957439e12d689f36381a) Importer(815301076,1909f56bfc062723c751e8b465ee728b)
Start importing Assets/Ploščice/Wall_33.asset using Guid(be7dc7c4c573957439e12d689f36381a) Importer(815301076,1909f56bfc062723c751e8b465ee728b)  -> (artifact id: '19499cd95d302581aab0b192aef7c43e') in 0.018883 seconds 
