Using pre-set license
Built from '2021.3/staging' branch; Version is '2021.3.13f1 (9e7d58001ecf) revision 10386776'; Using compiler version '192829333'; Build Type 'Release'
OS: 'Windows 10  (10.0.19045) 64bit Professional' Language: 'sl' Physical Memory: 7097 MB
BatchMode: 1, IsHumanControllingUs: 0, StartBugReporterOnCrash: 0, Is64bit: 1, IsPro: 1

COMMAND LINE ARGUMENTS:
C:\Program Files\Unity\Hub\Editor\2021.3.13f1\Editor\Unity.exe
-adb2
-batchMode
-noUpm
-name
AssetImportWorker1
-projectPath
D:/Users/Dijak/Desktop/UIPO/Pacman
-logFile
Logs/AssetImportWorker1.log
-srvPort
61198
Successfully changed project path to: D:/Users/Dijak/Desktop/UIPO/Pacman
D:/Users/Dijak/Desktop/UIPO/Pacman
[UnityMemory] Configuration Parameters - Can be set up in boot.config
    "memorysetup-bucket-allocator-granularity=16"
    "memorysetup-bucket-allocator-bucket-count=8"
    "memorysetup-bucket-allocator-block-size=33554432"
    "memorysetup-bucket-allocator-block-count=8"
    "memorysetup-main-allocator-block-size=16777216"
    "memorysetup-thread-allocator-block-size=16777216"
    "memorysetup-gfx-main-allocator-block-size=16777216"
    "memorysetup-gfx-thread-allocator-block-size=16777216"
    "memorysetup-cache-allocator-block-size=4194304"
    "memorysetup-typetree-allocator-block-size=2097152"
    "memorysetup-profiler-bucket-allocator-granularity=16"
    "memorysetup-profiler-bucket-allocator-bucket-count=8"
    "memorysetup-profiler-bucket-allocator-block-size=33554432"
    "memorysetup-profiler-bucket-allocator-block-count=8"
    "memorysetup-profiler-allocator-block-size=16777216"
    "memorysetup-profiler-editor-allocator-block-size=1048576"
    "memorysetup-temp-allocator-size-main=16777216"
    "memorysetup-job-temp-allocator-block-size=2097152"
    "memorysetup-job-temp-allocator-block-size-background=1048576"
    "memorysetup-job-temp-allocator-reduction-small-platforms=262144"
    "memorysetup-temp-allocator-size-background-worker=32768"
    "memorysetup-temp-allocator-size-job-worker=262144"
    "memorysetup-temp-allocator-size-preload-manager=33554432"
    "memorysetup-temp-allocator-size-nav-mesh-worker=65536"
    "memorysetup-temp-allocator-size-audio-worker=65536"
    "memorysetup-temp-allocator-size-cloud-worker=32768"
    "memorysetup-temp-allocator-size-gi-baking-worker=262144"
    "memorysetup-temp-allocator-size-gfx=262144"
Refreshing native plugins compatible for Editor in 123.04 ms, found 4 plugins.
Preloading 0 native plugins for Editor in 0.00 ms.
Initialize engine version: 2021.3.13f1 (9e7d58001ecf)
[Subsystems] Discovering subsystems at path C:/Program Files/Unity/Hub/Editor/2021.3.13f1/Editor/Data/Resources/UnitySubsystems
[Subsystems] Discovering subsystems at path D:/Users/Dijak/Desktop/UIPO/Pacman/Assets
GfxDevice: creating device client; threaded=0; jobified=0
Direct3D:
    Version:  Direct3D 11.0 [level 11.1]
    Renderer: AMD Radeon(TM) RX Vega 11 Graphics (ID=0x15dd)
    Vendor:   ATI
    VRAM:     3548 MB
    Driver:   30.0.13014.8
Initialize mono
Mono path[0] = 'C:/Program Files/Unity/Hub/Editor/2021.3.13f1/Editor/Data/Managed'
Mono path[1] = 'C:/Program Files/Unity/Hub/Editor/2021.3.13f1/Editor/Data/MonoBleedingEdge/lib/mono/unityjit-win32'
Mono config path = 'C:/Program Files/Unity/Hub/Editor/2021.3.13f1/Editor/Data/MonoBleedingEdge/etc'
Using monoOptions --debugger-agent=transport=dt_socket,embedding=1,server=y,suspend=n,address=127.0.0.1:56064
Begin MonoManager ReloadAssembly
Registering precompiled unity dll's ...
Register platform support module: C:/Program Files/Unity/Hub/Editor/2021.3.13f1/Editor/Data/PlaybackEngines/WebGLSupport/UnityEditor.WebGL.Extensions.dll
Register platform support module: C:/Program Files/Unity/Hub/Editor/2021.3.13f1/Editor/Data/PlaybackEngines/WindowsStandaloneSupport/UnityEditor.WindowsStandalone.Extensions.dll
Registered in 0.010657 seconds.
Native extension for WindowsStandalone target not found
Native extension for WebGL target not found
Refreshing native plugins compatible for Editor in 120.73 ms, found 4 plugins.
Preloading 0 native plugins for Editor in 0.00 ms.
Mono: successfully reloaded assembly
- Completed reload, in  0.959 seconds
Domain Reload Profiling:
	ReloadAssembly (960ms)
		BeginReloadAssembly (106ms)
			ExecutionOrderSort (0ms)
			DisableScriptedObjects (0ms)
			BackupInstance (0ms)
			ReleaseScriptingObjects (0ms)
			CreateAndSetChildDomain (1ms)
		EndReloadAssembly (692ms)
			LoadAssemblies (103ms)
			RebuildTransferFunctionScriptingTraits (0ms)
			SetupTypeCache (140ms)
			ReleaseScriptCaches (0ms)
			RebuildScriptCaches (48ms)
			SetupLoadedEditorAssemblies (428ms)
				LogAssemblyErrors (0ms)
				InitializePlatformSupportModulesInManaged (24ms)
				SetLoadedEditorAssemblies (0ms)
				RefreshPlugins (121ms)
				BeforeProcessingInitializeOnLoad (2ms)
				ProcessInitializeOnLoadAttributes (211ms)
				ProcessInitializeOnLoadMethodAttributes (70ms)
				AfterProcessingInitializeOnLoad (0ms)
				EditorAssembliesLoaded (0ms)
			ExecutionOrderSort2 (0ms)
			AwakeInstancesAfterBackupRestoration (0ms)
Platform modules already initialized, skipping
Registering precompiled user dll's ...
Registered in 0.010564 seconds.
Begin MonoManager ReloadAssembly
Symbol file LoadedFromMemory doesn't match image D:\Users\Dijak\Desktop\UIPO\Pacman\Library\PackageCache\com.unity.visualscripting@1.7.8\Editor\VisualScripting.Core\Dependencies\YamlDotNet\Unity.VisualScripting.YamlDotNet.dll
Symbol file LoadedFromMemory doesn't match image D:\Users\Dijak\Desktop\UIPO\Pacman\Library\PackageCache\com.unity.visualscripting@1.7.8\Editor\VisualScripting.Core\Dependencies\DotNetZip\Unity.VisualScripting.IonicZip.dll
Native extension for WindowsStandalone target not found
Native extension for WebGL target not found
Refreshing native plugins compatible for Editor in 148.66 ms, found 4 plugins.
Preloading 0 native plugins for Editor in 0.00 ms.
Mono: successfully reloaded assembly
- Completed reload, in  1.851 seconds
Domain Reload Profiling:
	ReloadAssembly (1852ms)
		BeginReloadAssembly (158ms)
			ExecutionOrderSort (0ms)
			DisableScriptedObjects (10ms)
			BackupInstance (0ms)
			ReleaseScriptingObjects (0ms)
			CreateAndSetChildDomain (23ms)
		EndReloadAssembly (1519ms)
			LoadAssemblies (122ms)
			RebuildTransferFunctionScriptingTraits (0ms)
			SetupTypeCache (387ms)
			ReleaseScriptCaches (1ms)
			RebuildScriptCaches (97ms)
			SetupLoadedEditorAssemblies (840ms)
				LogAssemblyErrors (0ms)
				InitializePlatformSupportModulesInManaged (9ms)
				SetLoadedEditorAssemblies (0ms)
				RefreshPlugins (149ms)
				BeforeProcessingInitializeOnLoad (154ms)
				ProcessInitializeOnLoadAttributes (451ms)
				ProcessInitializeOnLoadMethodAttributes (65ms)
				AfterProcessingInitializeOnLoad (11ms)
				EditorAssembliesLoaded (0ms)
			ExecutionOrderSort2 (0ms)
			AwakeInstancesAfterBackupRestoration (11ms)
Platform modules already initialized, skipping
========================================================================
Worker process is ready to serve import requests
Launched and connected shader compiler UnityShaderCompiler.exe after 0.08 seconds
Refreshing native plugins compatible for Editor in 1.41 ms, found 4 plugins.
Preloading 0 native plugins for Editor in 0.00 ms.
Unloading 4041 Unused Serialized files (Serialized files now loaded: 0)
Unloading 44 unused Assets / (229.3 KB). Loaded Objects now: 4491.
Memory consumption went from 150.6 MB to 150.4 MB.
Total: 5.734900 ms (FindLiveObjects: 0.642000 ms CreateObjectMapping: 0.637900 ms MarkObjects: 4.185100 ms  DeleteObjects: 0.267200 ms)

AssetImportParameters requested are different than current active one (requested -> active):
  custom:video-decoder-ogg-theora: a1e56fd34408186e4bbccfd4996cb3dc -> 
  custom:container-muxer-webm: aa71ff27fc2769a1b78a27578f13a17b -> 
  custom:container-demuxer-webm: 4f35f7cbe854078d1ac9338744f61a02 -> 
  custom:video-encoder-webm-vp8: eb34c28f22e8b96e1ab97ce403110664 -> 
  custom:audio-encoder-webm-vorbis: bf7c407c2cedff20999df2af8eb42d56 -> 
  custom:framework-win-MediaFoundation: 216162199b28c13a410421893ffa2e32 -> 
  custom:container-demuxer-ogg: 62fdf1f143b41e24485cea50d1cbac27 -> 
  custom:video-decoder-webm-vp8: 9c59270c3fd7afecdb556c50c9e8de78 -> 
  custom:audio-decoder-ogg-vorbis: bf7c407c2cedff20999df2af8eb42d56 -> 
========================================================================
Received Import Request.
  Time since last request: 3160.161911 seconds.
  path: Assets/Ploščice/Pellet.asset
  artifactKey: Guid(e959ce30fbda79647b1455a870945731) Importer(815301076,1909f56bfc062723c751e8b465ee728b)
Start importing Assets/Ploščice/Pellet.asset using Guid(e959ce30fbda79647b1455a870945731) Importer(815301076,1909f56bfc062723c751e8b465ee728b)  -> (artifact id: '958f7897ae42d4821c395ae348daaf10') in 0.092000 seconds 
========================================================================
Received Import Request.
  Time since last request: 0.000061 seconds.
  path: Assets/Ploščice/Wall_01.asset
  artifactKey: Guid(1361a5bc72a52c242bbbb378cdca0a03) Importer(815301076,1909f56bfc062723c751e8b465ee728b)
Start importing Assets/Ploščice/Wall_01.asset using Guid(1361a5bc72a52c242bbbb378cdca0a03) Importer(815301076,1909f56bfc062723c751e8b465ee728b)  -> (artifact id: '1299f3a825de522c314f4caa4d1605cd') in 0.061941 seconds 
========================================================================
Received Import Request.
  Time since last request: 0.000063 seconds.
  path: Assets/Ploščice/Wall_11.asset
  artifactKey: Guid(51f1bb35c167b044eb4d0c7a35911ac8) Importer(815301076,1909f56bfc062723c751e8b465ee728b)
Start importing Assets/Ploščice/Wall_11.asset using Guid(51f1bb35c167b044eb4d0c7a35911ac8) Importer(815301076,1909f56bfc062723c751e8b465ee728b)  -> (artifact id: 'f8bd2d0c98fcc981813cf1c32290e804') in 0.024517 seconds 
========================================================================
Received Import Request.
  Time since last request: 0.000056 seconds.
  path: Assets/Ploščice/Wall_04.asset
  artifactKey: Guid(2e949e7c95aba8443bd0d9ab9217976b) Importer(815301076,1909f56bfc062723c751e8b465ee728b)
Start importing Assets/Ploščice/Wall_04.asset using Guid(2e949e7c95aba8443bd0d9ab9217976b) Importer(815301076,1909f56bfc062723c751e8b465ee728b)  -> (artifact id: '167fd3be5738350df9bf59ec7031a891') in 0.019991 seconds 
========================================================================
Received Import Request.
  Time since last request: 0.000044 seconds.
  path: Assets/Ploščice/PowerPellet.asset
  artifactKey: Guid(2a9f20ade41796849857262e3280e1d8) Importer(815301076,1909f56bfc062723c751e8b465ee728b)
Start importing Assets/Ploščice/PowerPellet.asset using Guid(2a9f20ade41796849857262e3280e1d8) Importer(815301076,1909f56bfc062723c751e8b465ee728b)  -> (artifact id: '4374d8d8c4b73091e8f40509b8f6206b') in 0.013883 seconds 
========================================================================
Received Import Request.
  Time since last request: 0.000109 seconds.
  path: Assets/Ploščice/Wall_12.asset
  artifactKey: Guid(939038dc622f67d47bb84feda58fddcd) Importer(815301076,1909f56bfc062723c751e8b465ee728b)
Start importing Assets/Ploščice/Wall_12.asset using Guid(939038dc622f67d47bb84feda58fddcd) Importer(815301076,1909f56bfc062723c751e8b465ee728b)  -> (artifact id: '58e1368c9928fa271deeb3336f54279b') in 0.019527 seconds 
========================================================================
Received Import Request.
  Time since last request: 0.000047 seconds.
  path: Assets/Ploščice/Wall_14.asset
  artifactKey: Guid(5206f54f62ab44549aff0965ff08803d) Importer(815301076,1909f56bfc062723c751e8b465ee728b)
Start importing Assets/Ploščice/Wall_14.asset using Guid(5206f54f62ab44549aff0965ff08803d) Importer(815301076,1909f56bfc062723c751e8b465ee728b)  -> (artifact id: '44bfec2eb5a9f6183edea634869252b0') in 0.018226 seconds 
========================================================================
Received Import Request.
  Time since last request: 0.000046 seconds.
  path: Assets/Ploščice/Wall_07.asset
  artifactKey: Guid(783b57ae10271a5478cb59a62fcab173) Importer(815301076,1909f56bfc062723c751e8b465ee728b)
Start importing Assets/Ploščice/Wall_07.asset using Guid(783b57ae10271a5478cb59a62fcab173) Importer(815301076,1909f56bfc062723c751e8b465ee728b)  -> (artifact id: '450568f2040375e9d42734320a8da209') in 0.017651 seconds 
========================================================================
Received Import Request.
  Time since last request: 0.000063 seconds.
  path: Assets/Ploščice/Wall_03.asset
  artifactKey: Guid(4bdabc76a03c57e48b6f0c816112298d) Importer(815301076,1909f56bfc062723c751e8b465ee728b)
Start importing Assets/Ploščice/Wall_03.asset using Guid(4bdabc76a03c57e48b6f0c816112298d) Importer(815301076,1909f56bfc062723c751e8b465ee728b)  -> (artifact id: 'fa943cc1b6bcbfdd9ef1c4587831c88e') in 0.024345 seconds 
========================================================================
Received Import Request.
  Time since last request: 0.000048 seconds.
  path: Assets/Ploščice/Wall_15.asset
  artifactKey: Guid(5875afb078c181b4f8957de09819b025) Importer(815301076,1909f56bfc062723c751e8b465ee728b)
Start importing Assets/Ploščice/Wall_15.asset using Guid(5875afb078c181b4f8957de09819b025) Importer(815301076,1909f56bfc062723c751e8b465ee728b)  -> (artifact id: '8fc62ff776ee76f3078b57a7b2b3c35c') in 0.022086 seconds 
========================================================================
Received Import Request.
  Time since last request: 0.000074 seconds.
  path: Assets/Ploščice/Wall_16.asset
  artifactKey: Guid(703936061257bdb4e9f33d23975b828d) Importer(815301076,1909f56bfc062723c751e8b465ee728b)
Start importing Assets/Ploščice/Wall_16.asset using Guid(703936061257bdb4e9f33d23975b828d) Importer(815301076,1909f56bfc062723c751e8b465ee728b)  -> (artifact id: '32030dad6b00bf20c90477df91d7bd5b') in 0.017213 seconds 
========================================================================
Received Import Request.
  Time since last request: 0.000068 seconds.
  path: Assets/Ploščice/Wall_17.asset
  artifactKey: Guid(6b6b267f4f748a94489ab9376035478e) Importer(815301076,1909f56bfc062723c751e8b465ee728b)
Start importing Assets/Ploščice/Wall_17.asset using Guid(6b6b267f4f748a94489ab9376035478e) Importer(815301076,1909f56bfc062723c751e8b465ee728b)  -> (artifact id: '3e0d173b5e9c110f2e2722402c9cc49f') in 0.017889 seconds 
========================================================================
Received Import Request.
  Time since last request: 0.000039 seconds.
  path: Assets/Ploščice/Wall_08.asset
  artifactKey: Guid(4bbc4dfb025a3ab4a9fcc3608f87094d) Importer(815301076,1909f56bfc062723c751e8b465ee728b)
Start importing Assets/Ploščice/Wall_08.asset using Guid(4bbc4dfb025a3ab4a9fcc3608f87094d) Importer(815301076,1909f56bfc062723c751e8b465ee728b)  -> (artifact id: '949fb6ebafeab28bbf21402f36f1c33f') in 0.017148 seconds 
========================================================================
Received Import Request.
  Time since last request: 0.000068 seconds.
  path: Assets/Ploščice/Wall_09.asset
  artifactKey: Guid(eb249600347e4ec41a451a79abbbf672) Importer(815301076,1909f56bfc062723c751e8b465ee728b)
Start importing Assets/Ploščice/Wall_09.asset using Guid(eb249600347e4ec41a451a79abbbf672) Importer(815301076,1909f56bfc062723c751e8b465ee728b)  -> (artifact id: '20907991606613f367c0d186920fe20a') in 0.020234 seconds 
========================================================================
Received Import Request.
  Time since last request: 0.000055 seconds.
  path: Assets/Ploščice/Wall_10.asset
  artifactKey: Guid(e52ada7500bcc5c4aa338cdb4936a400) Importer(815301076,1909f56bfc062723c751e8b465ee728b)
Start importing Assets/Ploščice/Wall_10.asset using Guid(e52ada7500bcc5c4aa338cdb4936a400) Importer(815301076,1909f56bfc062723c751e8b465ee728b)  -> (artifact id: 'd0fa62649f65db5a0ba3c75210205bfa') in 0.017263 seconds 
========================================================================
Received Import Request.
  Time since last request: 0.000048 seconds.
  path: Assets/Ploščice/Wall_00.asset
  artifactKey: Guid(0972a3f7e2454ac4ab6bdb9f59c79102) Importer(815301076,1909f56bfc062723c751e8b465ee728b)
Start importing Assets/Ploščice/Wall_00.asset using Guid(0972a3f7e2454ac4ab6bdb9f59c79102) Importer(815301076,1909f56bfc062723c751e8b465ee728b)  -> (artifact id: '5ebb08693c895b9017059ccddad8dc82') in 0.020625 seconds 
========================================================================
Received Import Request.
  Time since last request: 2.356299 seconds.
  path: Assets/Ploščice/Wall_22.asset
  artifactKey: Guid(08706a81ce0dc0b4383d059d052ae094) Importer(815301076,1909f56bfc062723c751e8b465ee728b)
Start importing Assets/Ploščice/Wall_22.asset using Guid(08706a81ce0dc0b4383d059d052ae094) Importer(815301076,1909f56bfc062723c751e8b465ee728b)  -> (artifact id: 'ce63d565dba88fb6d96ca18c7abd5c20') in 0.016273 seconds 
========================================================================
Received Import Request.
  Time since last request: 0.000045 seconds.
  path: Assets/Ploščice/Wall_23.asset
  artifactKey: Guid(a27c18bc381fc564c84561c7fc327aea) Importer(815301076,1909f56bfc062723c751e8b465ee728b)
Start importing Assets/Ploščice/Wall_23.asset using Guid(a27c18bc381fc564c84561c7fc327aea) Importer(815301076,1909f56bfc062723c751e8b465ee728b)  -> (artifact id: '11ac9af7b59db068c63f1136fc84d393') in 0.015492 seconds 
========================================================================
Received Import Request.
  Time since last request: 0.000067 seconds.
  path: Assets/Ploščice/Wall_24.asset
  artifactKey: Guid(c71a3d7b92ad3cb4baaf23908ec8ef08) Importer(815301076,1909f56bfc062723c751e8b465ee728b)
Start importing Assets/Ploščice/Wall_24.asset using Guid(c71a3d7b92ad3cb4baaf23908ec8ef08) Importer(815301076,1909f56bfc062723c751e8b465ee728b)  -> (artifact id: 'c28a8e18e45dc9a873c8540813079fa1') in 0.018800 seconds 
========================================================================
Received Import Request.
  Time since last request: 0.000037 seconds.
  path: Assets/Ploščice/Wall_28.asset
  artifactKey: Guid(78ce07b79e6383d489a41b464f8fb4e5) Importer(815301076,1909f56bfc062723c751e8b465ee728b)
Start importing Assets/Ploščice/Wall_28.asset using Guid(78ce07b79e6383d489a41b464f8fb4e5) Importer(815301076,1909f56bfc062723c751e8b465ee728b)  -> (artifact id: 'e142492cdb70ca57aa661121cc847c4b') in 0.017771 seconds 
========================================================================
Received Import Request.
  Time since last request: 0.598278 seconds.
  path: Assets/Ploščice/Wall_30.asset
  artifactKey: Guid(557d47ee7e409c141a2d9245f4f845d8) Importer(815301076,1909f56bfc062723c751e8b465ee728b)
Start importing Assets/Ploščice/Wall_30.asset using Guid(557d47ee7e409c141a2d9245f4f845d8) Importer(815301076,1909f56bfc062723c751e8b465ee728b)  -> (artifact id: 'b89760df812328e00dd1d9c635f804bb') in 0.013853 seconds 
========================================================================
Received Import Request.
  Time since last request: 0.000125 seconds.
  path: Assets/Ploščice/Wall_36.asset
  artifactKey: Guid(ecff5d2a419811f4097e4fc333fd4ab6) Importer(815301076,1909f56bfc062723c751e8b465ee728b)
Start importing Assets/Ploščice/Wall_36.asset using Guid(ecff5d2a419811f4097e4fc333fd4ab6) Importer(815301076,1909f56bfc062723c751e8b465ee728b)  -> (artifact id: '2e5672617e0248a5f78a33e329f6ea28') in 0.019225 seconds 
========================================================================
Received Import Request.
  Time since last request: 0.000046 seconds.
  path: Assets/Ploščice/Wall_31.asset
  artifactKey: Guid(3fbaec9b1307caa4ebaaf7bb94002ec5) Importer(815301076,1909f56bfc062723c751e8b465ee728b)
Start importing Assets/Ploščice/Wall_31.asset using Guid(3fbaec9b1307caa4ebaaf7bb94002ec5) Importer(815301076,1909f56bfc062723c751e8b465ee728b)  -> (artifact id: '265aae007365700e7e5470c8edcab48d') in 0.019028 seconds 
========================================================================
Received Import Request.
  Time since last request: 0.000072 seconds.
  path: Assets/Ploščice/Wall_34.asset
  artifactKey: Guid(012ba0dddc289fa4b9e34b64744cffd9) Importer(815301076,1909f56bfc062723c751e8b465ee728b)
Start importing Assets/Ploščice/Wall_34.asset using Guid(012ba0dddc289fa4b9e34b64744cffd9) Importer(815301076,1909f56bfc062723c751e8b465ee728b)  -> (artifact id: '980bb4ee70af2fe558bd52fe178f7c48') in 0.017480 seconds 
========================================================================
Received Import Request.
  Time since last request: 0.000047 seconds.
  path: Assets/Ploščice/Wall_37.asset
  artifactKey: Guid(a99497e966e80e1449b68935ed7dd32a) Importer(815301076,1909f56bfc062723c751e8b465ee728b)
Start importing Assets/Ploščice/Wall_37.asset using Guid(a99497e966e80e1449b68935ed7dd32a) Importer(815301076,1909f56bfc062723c751e8b465ee728b)  -> (artifact id: '124da49ed932daf18e8e8bd8c64c4d9b') in 0.017955 seconds 
